[26-Apr-2026 10:02:56 Europe/Moscow] PHP Warning:  Undefined variable $num in /home/a1178155/domains/derbugov.ru/public_html/learn-php/index.php on line 48
[26-Apr-2026 10:09:32 Europe/Moscow] PHP Warning:  Undefined variable $num in /home/a1178155/domains/derbugov.ru/public_html/learn-php/index.php on line 48
[26-Apr-2026 10:10:37 Europe/Moscow] PHP Warning:  Undefined variable $num in /home/a1178155/domains/derbugov.ru/public_html/learn-php/index.php on line 48
[26-Apr-2026 10:16:33 Europe/Moscow] PHP Fatal error:  Uncaught Error: Call to undefined function num = () in /home/a1178155/domains/derbugov.ru/public_html/learn-php/index.php:49
Stack trace:
#0 {main}
  thrown in /home/a1178155/domains/derbugov.ru/public_html/learn-php/index.php on line 49
[26-Apr-2026 10:23:13 Europe/Moscow] PHP Warning:  Undefined variable $num in /home/a1178155/domains/derbugov.ru/public_html/learn-php/index.php on line 48
[27-Apr-2026 22:59:51 Europe/Moscow] PHP Warning:  Undefined variable $num in /home/a1178155/domains/derbugov.ru/public_html/learn-php/index.php on line 48
[28-Apr-2026 22:28:30 Europe/Moscow] PHP Warning:  Undefined variable $num in /home/a1178155/domains/derbugov.ru/public_html/learn-php/index.php on line 48
[30-Apr-2026 00:32:10 Europe/Moscow] PHP Warning:  Undefined variable $a in /home/a1178155/domains/derbugov.ru/public_html/learn-php/operations.php on line 6
[01-Jun-2026 19:47:42 UTC] PHP Warning:  Array to string conversion in D:\WEB\learnPHP\foreach.php on line 6
[01-Jun-2026 19:47:42 UTC] PHP Warning:  Array to string conversion in D:\WEB\learnPHP\foreach.php on line 6
[07-Jun-2026 19:19:40 UTC] PHP Warning:  Cannot modify header information - headers already sent by (output started at D:\WEB\learnPHP\render-table-arr.php:1) in D:\WEB\learnPHP\error-config.php on line 8
[07-Jun-2026 19:19:40 UTC] PHP Warning:  Cannot modify header information - headers already sent by (output started at D:\WEB\learnPHP\render-table-arr.php:1) in D:\WEB\learnPHP\error-config.php on line 9
[07-Jun-2026 19:19:40 UTC] PHP Warning:  Cannot modify header information - headers already sent by (output started at D:\WEB\learnPHP\render-table-arr.php:1) in D:\WEB\learnPHP\error-config.php on line 10
[07-Jun-2026 19:26:35 UTC] PHP Warning:  Cannot modify header information - headers already sent by (output started at D:\WEB\learnPHP\render-table-arr.php:1) in D:\WEB\learnPHP\error-config.php on line 8
[07-Jun-2026 19:26:35 UTC] PHP Warning:  Cannot modify header information - headers already sent by (output started at D:\WEB\learnPHP\render-table-arr.php:1) in D:\WEB\learnPHP\error-config.php on line 9
[07-Jun-2026 19:26:35 UTC] PHP Warning:  Cannot modify header information - headers already sent by (output started at D:\WEB\learnPHP\render-table-arr.php:1) in D:\WEB\learnPHP\error-config.php on line 10
[07-Jun-2026 19:28:00 UTC] PHP Warning:  Cannot modify header information - headers already sent by (output started at D:\WEB\learnPHP\render-table-arr.php:1) in D:\WEB\learnPHP\error-config.php on line 8
[07-Jun-2026 19:28:00 UTC] PHP Warning:  Cannot modify header information - headers already sent by (output started at D:\WEB\learnPHP\render-table-arr.php:1) in D:\WEB\learnPHP\error-config.php on line 9
[07-Jun-2026 19:28:00 UTC] PHP Warning:  Cannot modify header information - headers already sent by (output started at D:\WEB\learnPHP\render-table-arr.php:1) in D:\WEB\learnPHP\error-config.php on line 10
[07-Jun-2026 19:38:40 UTC] PHP Warning:  Cannot modify header information - headers already sent by (output started at D:\WEB\learnPHP\render-table-arr2.php:1) in D:\WEB\learnPHP\error-config.php on line 8
[07-Jun-2026 19:38:40 UTC] PHP Warning:  Cannot modify header information - headers already sent by (output started at D:\WEB\learnPHP\render-table-arr2.php:1) in D:\WEB\learnPHP\error-config.php on line 9
[07-Jun-2026 19:38:40 UTC] PHP Warning:  Cannot modify header information - headers already sent by (output started at D:\WEB\learnPHP\render-table-arr2.php:1) in D:\WEB\learnPHP\error-config.php on line 10
